[1.613s] DEBUG:colcon:Command line arguments: ['/usr/bin/colcon', 'build']
[1.613s] DEBUG:colcon:Parsed command line arguments: Namespace(log_base=None, log_level=None, verb_name='build', build_base='build', install_base='install', merge_install=False, symlink_install=False, test_result_base=None, continue_on_error=False, executor='parallel', parallel_workers=4, event_handlers=None, ignore_user_meta=False, metas=['./colcon.meta'], base_paths=['.'], packages_ignore=None, packages_ignore_regex=None, paths=None, packages_up_to=None, packages_up_to_regex=None, packages_above=None, packages_above_and_dependencies=None, packages_above_depth=None, packages_select_by_dep=None, packages_skip_by_dep=None, packages_skip_up_to=None, packages_select_build_failed=False, packages_skip_build_finished=False, packages_select_test_failures=False, packages_skip_test_passed=False, packages_select=None, packages_skip=None, packages_select_regex=None, packages_skip_regex=None, packages_start=None, packages_end=None, allow_overriding=[], cmake_args=None, cmake_target=None, cmake_target_skip_unavailable=False, cmake_clean_cache=False, cmake_clean_first=False, cmake_force_configure=False, ament_cmake_args=None, catkin_cmake_args=None, catkin_skip_building_tests=False, verb_parser=<colcon_defaults.argument_parser.defaults.DefaultArgumentsDecorator object at 0x7fa0f40b9fc0>, verb_extension=<colcon_core.verb.build.BuildVerb object at 0x7fa0f40b9a50>, main=<bound method BuildVerb.main of <colcon_core.verb.build.BuildVerb object at 0x7fa0f40b9a50>>)
[1.667s] Level 1:colcon.colcon_core.package_discovery:discover_packages(colcon_meta) check parameters
[1.668s] Level 1:colcon.colcon_core.package_discovery:discover_packages(recursive) check parameters
[1.668s] Level 1:colcon.colcon_core.package_discovery:discover_packages(ignore) check parameters
[1.668s] Level 1:colcon.colcon_core.package_discovery:discover_packages(path) check parameters
[1.668s] Level 1:colcon.colcon_core.package_discovery:discover_packages(colcon_meta) discover
[1.668s] Level 1:colcon.colcon_core.package_discovery:discover_packages(recursive) discover
[1.668s] INFO:colcon.colcon_core.package_discovery:Crawling recursively for packages in '/home/claudio/workspaces/src/ros2_rpi'
[1.668s] Level 1:colcon.colcon_core.package_identification:_identify(.) by extensions ['ignore', 'ignore_ament_install']
[1.668s] Level 1:colcon.colcon_core.package_identification:_identify(.) by extension 'ignore'
[1.669s] Level 1:colcon.colcon_core.package_identification:_identify(.) by extension 'ignore_ament_install'
[1.669s] Level 1:colcon.colcon_core.package_identification:_identify(.) by extensions ['colcon_pkg']
[1.669s] Level 1:colcon.colcon_core.package_identification:_identify(.) by extension 'colcon_pkg'
[1.669s] Level 1:colcon.colcon_core.package_identification:_identify(.) by extensions ['colcon_meta']
[1.669s] Level 1:colcon.colcon_core.package_identification:_identify(.) by extension 'colcon_meta'
[1.669s] Level 1:colcon.colcon_core.package_identification:_identify(.) by extensions ['ros']
[1.669s] Level 1:colcon.colcon_core.package_identification:_identify(.) by extension 'ros'
[1.698s] Level 1:colcon.colcon_core.package_identification:_identify(.) by extensions ['cmake', 'python']
[1.698s] Level 1:colcon.colcon_core.package_identification:_identify(.) by extension 'cmake'
[1.698s] Level 1:colcon.colcon_core.package_identification:_identify(.) by extension 'python'
[1.698s] Level 1:colcon.colcon_core.package_identification:_identify(.) by extensions ['python_setup_py']
[1.698s] Level 1:colcon.colcon_core.package_identification:_identify(.) by extension 'python_setup_py'
[1.698s] Level 1:colcon.colcon_core.package_identification:_identify(build) by extensions ['ignore', 'ignore_ament_install']
[1.699s] Level 1:colcon.colcon_core.package_identification:_identify(build) by extension 'ignore'
[1.699s] Level 1:colcon.colcon_core.package_identification:_identify(build) ignored
[1.699s] Level 1:colcon.colcon_core.package_identification:_identify(install) by extensions ['ignore', 'ignore_ament_install']
[1.699s] Level 1:colcon.colcon_core.package_identification:_identify(install) by extension 'ignore'
[1.699s] Level 1:colcon.colcon_core.package_identification:_identify(install) ignored
[1.699s] Level 1:colcon.colcon_core.package_identification:_identify(log) by extensions ['ignore', 'ignore_ament_install']
[1.700s] Level 1:colcon.colcon_core.package_identification:_identify(log) by extension 'ignore'
[1.700s] Level 1:colcon.colcon_core.package_identification:_identify(log) ignored
[1.700s] Level 1:colcon.colcon_core.package_identification:_identify(py_vision_rpi_bot) by extensions ['ignore', 'ignore_ament_install']
[1.700s] Level 1:colcon.colcon_core.package_identification:_identify(py_vision_rpi_bot) by extension 'ignore'
[1.700s] Level 1:colcon.colcon_core.package_identification:_identify(py_vision_rpi_bot) by extension 'ignore_ament_install'
[1.700s] Level 1:colcon.colcon_core.package_identification:_identify(py_vision_rpi_bot) by extensions ['colcon_pkg']
[1.700s] Level 1:colcon.colcon_core.package_identification:_identify(py_vision_rpi_bot) by extension 'colcon_pkg'
[1.700s] Level 1:colcon.colcon_core.package_identification:_identify(py_vision_rpi_bot) by extensions ['colcon_meta']
[1.701s] Level 1:colcon.colcon_core.package_identification:_identify(py_vision_rpi_bot) by extension 'colcon_meta'
[1.701s] Level 1:colcon.colcon_core.package_identification:_identify(py_vision_rpi_bot) by extensions ['ros']
[1.701s] Level 1:colcon.colcon_core.package_identification:_identify(py_vision_rpi_bot) by extension 'ros'
[1.705s] DEBUG:colcon.colcon_core.package_identification:Package 'py_vision_rpi_bot' with type 'ros.ament_python' and name 'py_vision_rpi_bot'
[1.706s] Level 1:colcon.colcon_core.package_discovery:discover_packages(recursive) using defaults
[1.706s] Level 1:colcon.colcon_core.package_discovery:discover_packages(ignore) discover
[1.706s] Level 1:colcon.colcon_core.package_discovery:discover_packages(ignore) using defaults
[1.706s] Level 1:colcon.colcon_core.package_discovery:discover_packages(path) discover
[1.706s] Level 1:colcon.colcon_core.package_discovery:discover_packages(path) using defaults
[1.755s] Level 1:colcon.colcon_core.package_discovery:discover_packages(prefix_path) check parameters
[1.755s] Level 1:colcon.colcon_core.package_discovery:discover_packages(prefix_path) discover
[1.760s] DEBUG:colcon.colcon_installed_package_information.package_discovery:Found 4 installed packages in /home/claudio/workspaces/src/install
[1.765s] DEBUG:colcon.colcon_installed_package_information.package_discovery:Found 270 installed packages in /opt/ros/humble
[1.770s] Level 1:colcon.colcon_core.package_discovery:discover_packages(prefix_path) using defaults
[2.048s] Level 5:colcon.colcon_core.verb:set package 'py_vision_rpi_bot' build argument 'cmake_args' from command line to 'None'
[2.048s] Level 5:colcon.colcon_core.verb:set package 'py_vision_rpi_bot' build argument 'cmake_target' from command line to 'None'
[2.049s] Level 5:colcon.colcon_core.verb:set package 'py_vision_rpi_bot' build argument 'cmake_target_skip_unavailable' from command line to 'False'
[2.049s] Level 5:colcon.colcon_core.verb:set package 'py_vision_rpi_bot' build argument 'cmake_clean_cache' from command line to 'False'
[2.049s] Level 5:colcon.colcon_core.verb:set package 'py_vision_rpi_bot' build argument 'cmake_clean_first' from command line to 'False'
[2.050s] Level 5:colcon.colcon_core.verb:set package 'py_vision_rpi_bot' build argument 'cmake_force_configure' from command line to 'False'
[2.050s] Level 5:colcon.colcon_core.verb:set package 'py_vision_rpi_bot' build argument 'ament_cmake_args' from command line to 'None'
[2.050s] Level 5:colcon.colcon_core.verb:set package 'py_vision_rpi_bot' build argument 'catkin_cmake_args' from command line to 'None'
[2.050s] Level 5:colcon.colcon_core.verb:set package 'py_vision_rpi_bot' build argument 'catkin_skip_building_tests' from command line to 'False'
[2.050s] DEBUG:colcon.colcon_core.verb:Building package 'py_vision_rpi_bot' with the following arguments: {'ament_cmake_args': None, 'build_base': '/home/claudio/workspaces/src/ros2_rpi/build/py_vision_rpi_bot', 'catkin_cmake_args': None, 'catkin_skip_building_tests': False, 'cmake_args': None, 'cmake_clean_cache': False, 'cmake_clean_first': False, 'cmake_force_configure': False, 'cmake_target': None, 'cmake_target_skip_unavailable': False, 'install_base': '/home/claudio/workspaces/src/ros2_rpi/install/py_vision_rpi_bot', 'merge_install': False, 'path': '/home/claudio/workspaces/src/ros2_rpi/py_vision_rpi_bot', 'symlink_install': False, 'test_result_base': None}
[2.054s] INFO:colcon.colcon_core.executor:Executing jobs using 'parallel' executor
[2.075s] DEBUG:colcon.colcon_parallel_executor.executor.parallel:run_until_complete
[2.076s] INFO:colcon.colcon_ros.task.ament_python.build:Building ROS package in '/home/claudio/workspaces/src/ros2_rpi/py_vision_rpi_bot' with build type 'ament_python'
[2.076s] Level 1:colcon.colcon_core.shell:create_environment_hook('py_vision_rpi_bot', 'ament_prefix_path')
[2.110s] INFO:colcon.colcon_core.plugin_system:Skipping extension 'colcon_core.shell.bat': Not used on non-Windows systems
[2.110s] INFO:colcon.colcon_core.shell:Creating environment hook '/home/claudio/workspaces/src/ros2_rpi/install/py_vision_rpi_bot/share/py_vision_rpi_bot/hook/ament_prefix_path.ps1'
[2.116s] INFO:colcon.colcon_core.shell:Creating environment descriptor '/home/claudio/workspaces/src/ros2_rpi/install/py_vision_rpi_bot/share/py_vision_rpi_bot/hook/ament_prefix_path.dsv'
[2.118s] INFO:colcon.colcon_core.shell:Creating environment hook '/home/claudio/workspaces/src/ros2_rpi/install/py_vision_rpi_bot/share/py_vision_rpi_bot/hook/ament_prefix_path.sh'
[2.126s] INFO:colcon.colcon_core.shell:Skip shell extension 'powershell' for command environment: Not usable outside of PowerShell
[2.127s] DEBUG:colcon.colcon_core.shell:Skip shell extension 'dsv' for command environment
[3.845s] INFO:colcon.colcon_core.task.python.build:Building Python package in '/home/claudio/workspaces/src/ros2_rpi/py_vision_rpi_bot'
[3.854s] INFO:colcon.colcon_core.shell:Skip shell extension 'powershell' for command environment: Not usable outside of PowerShell
[3.855s] DEBUG:colcon.colcon_core.shell:Skip shell extension 'dsv' for command environment
[6.218s] DEBUG:colcon.colcon_core.event_handler.log_command:Invoking command in '/home/claudio/workspaces/src/ros2_rpi/py_vision_rpi_bot': PYTHONPATH=/home/claudio/workspaces/src/ros2_rpi/build/py_vision_rpi_bot/prefix_override:/home/claudio/workspaces/src/ros2_rpi/install/py_vision_rpi_bot/lib/python3.10/site-packages:${PYTHONPATH} /usr/bin/python3 setup.py egg_info --egg-base ../build/py_vision_rpi_bot build --build-base /home/claudio/workspaces/src/ros2_rpi/build/py_vision_rpi_bot/build install --record /home/claudio/workspaces/src/ros2_rpi/build/py_vision_rpi_bot/install.log --single-version-externally-managed
[8.232s] DEBUG:colcon.colcon_core.event_handler.log_command:Invoked command in '/home/claudio/workspaces/src/ros2_rpi/py_vision_rpi_bot' returned '0': PYTHONPATH=/home/claudio/workspaces/src/ros2_rpi/build/py_vision_rpi_bot/prefix_override:/home/claudio/workspaces/src/ros2_rpi/install/py_vision_rpi_bot/lib/python3.10/site-packages:${PYTHONPATH} /usr/bin/python3 setup.py egg_info --egg-base ../build/py_vision_rpi_bot build --build-base /home/claudio/workspaces/src/ros2_rpi/build/py_vision_rpi_bot/build install --record /home/claudio/workspaces/src/ros2_rpi/build/py_vision_rpi_bot/install.log --single-version-externally-managed
[8.254s] Level 1:colcon.colcon_core.environment:checking '/home/claudio/workspaces/src/ros2_rpi/install/py_vision_rpi_bot' for CMake module files
[8.255s] Level 1:colcon.colcon_core.environment:checking '/home/claudio/workspaces/src/ros2_rpi/install/py_vision_rpi_bot' for CMake config files
[8.258s] Level 1:colcon.colcon_core.environment:checking '/home/claudio/workspaces/src/ros2_rpi/install/py_vision_rpi_bot/lib'
[8.259s] Level 1:colcon.colcon_core.environment:checking '/home/claudio/workspaces/src/ros2_rpi/install/py_vision_rpi_bot/bin'
[8.260s] Level 1:colcon.colcon_core.environment:checking '/home/claudio/workspaces/src/ros2_rpi/install/py_vision_rpi_bot/lib/pkgconfig/py_vision_rpi_bot.pc'
[8.261s] Level 1:colcon.colcon_core.environment:checking '/home/claudio/workspaces/src/ros2_rpi/install/py_vision_rpi_bot/lib/python3.10/site-packages'
[8.261s] Level 1:colcon.colcon_core.shell:create_environment_hook('py_vision_rpi_bot', 'pythonpath')
[8.268s] INFO:colcon.colcon_core.shell:Creating environment hook '/home/claudio/workspaces/src/ros2_rpi/install/py_vision_rpi_bot/share/py_vision_rpi_bot/hook/pythonpath.ps1'
[8.270s] INFO:colcon.colcon_core.shell:Creating environment descriptor '/home/claudio/workspaces/src/ros2_rpi/install/py_vision_rpi_bot/share/py_vision_rpi_bot/hook/pythonpath.dsv'
[8.271s] INFO:colcon.colcon_core.shell:Creating environment hook '/home/claudio/workspaces/src/ros2_rpi/install/py_vision_rpi_bot/share/py_vision_rpi_bot/hook/pythonpath.sh'
[8.281s] Level 1:colcon.colcon_core.environment:checking '/home/claudio/workspaces/src/ros2_rpi/install/py_vision_rpi_bot/bin'
[8.282s] Level 1:colcon.colcon_core.environment:create_environment_scripts_only(py_vision_rpi_bot)
[8.288s] INFO:colcon.colcon_core.shell:Creating package script '/home/claudio/workspaces/src/ros2_rpi/install/py_vision_rpi_bot/share/py_vision_rpi_bot/package.ps1'
[8.310s] INFO:colcon.colcon_core.shell:Creating package descriptor '/home/claudio/workspaces/src/ros2_rpi/install/py_vision_rpi_bot/share/py_vision_rpi_bot/package.dsv'
[8.314s] INFO:colcon.colcon_core.shell:Creating package script '/home/claudio/workspaces/src/ros2_rpi/install/py_vision_rpi_bot/share/py_vision_rpi_bot/package.sh'
[8.318s] INFO:colcon.colcon_core.shell:Creating package script '/home/claudio/workspaces/src/ros2_rpi/install/py_vision_rpi_bot/share/py_vision_rpi_bot/package.bash'
[8.321s] INFO:colcon.colcon_core.shell:Creating package script '/home/claudio/workspaces/src/ros2_rpi/install/py_vision_rpi_bot/share/py_vision_rpi_bot/package.zsh'
[8.324s] Level 1:colcon.colcon_core.environment:create_file_with_runtime_dependencies(/home/claudio/workspaces/src/ros2_rpi/install/py_vision_rpi_bot/share/colcon-core/packages/py_vision_rpi_bot)
[8.325s] DEBUG:colcon.colcon_parallel_executor.executor.parallel:closing loop
[8.327s] DEBUG:colcon.colcon_parallel_executor.executor.parallel:loop closed
[8.327s] DEBUG:colcon.colcon_parallel_executor.executor.parallel:run_until_complete finished with '0'
[8.327s] DEBUG:colcon.colcon_core.event_reactor:joining thread
[8.353s] INFO:colcon.colcon_core.plugin_system:Skipping extension 'colcon_notification.desktop_notification.terminal_notifier': Not used on non-Darwin systems
[8.354s] INFO:colcon.colcon_core.plugin_system:Skipping extension 'colcon_notification.desktop_notification.win32': Not used on non-Windows systems
[8.354s] INFO:colcon.colcon_notification.desktop_notification:Sending desktop notification using 'notify2'
[8.539s] DEBUG:colcon.colcon_core.event_reactor:joined thread
[8.548s] INFO:colcon.colcon_core.shell:Creating prefix script '/home/claudio/workspaces/src/ros2_rpi/install/local_setup.ps1'
[8.554s] INFO:colcon.colcon_core.shell:Creating prefix util module '/home/claudio/workspaces/src/ros2_rpi/install/_local_setup_util_ps1.py'
[8.570s] INFO:colcon.colcon_core.shell:Creating prefix chain script '/home/claudio/workspaces/src/ros2_rpi/install/setup.ps1'
[8.576s] INFO:colcon.colcon_core.shell:Creating prefix script '/home/claudio/workspaces/src/ros2_rpi/install/local_setup.sh'
[8.580s] INFO:colcon.colcon_core.shell:Creating prefix util module '/home/claudio/workspaces/src/ros2_rpi/install/_local_setup_util_sh.py'
[8.583s] INFO:colcon.colcon_core.shell:Creating prefix chain script '/home/claudio/workspaces/src/ros2_rpi/install/setup.sh'
[8.589s] INFO:colcon.colcon_core.shell:Creating prefix script '/home/claudio/workspaces/src/ros2_rpi/install/local_setup.bash'
[8.594s] INFO:colcon.colcon_core.shell:Creating prefix chain script '/home/claudio/workspaces/src/ros2_rpi/install/setup.bash'
[8.601s] INFO:colcon.colcon_core.shell:Creating prefix script '/home/claudio/workspaces/src/ros2_rpi/install/local_setup.zsh'
[8.603s] INFO:colcon.colcon_core.shell:Creating prefix chain script '/home/claudio/workspaces/src/ros2_rpi/install/setup.zsh'
