[4.960s] Invoking command in '/home/claudio/workspaces/src/py_vision_rpi_bot': PYTHONPATH=/home/claudio/workspaces/src/py_vision_rpi_bot/build/py_vision_rpi_bot/prefix_override:/home/claudio/workspaces/src/py_vision_rpi_bot/install/py_vision_rpi_bot/lib/python3.10/site-packages:${PYTHONPATH} /usr/bin/python3 setup.py egg_info --egg-base build/py_vision_rpi_bot build --build-base /home/claudio/workspaces/src/py_vision_rpi_bot/build/py_vision_rpi_bot/build install --record /home/claudio/workspaces/src/py_vision_rpi_bot/build/py_vision_rpi_bot/install.log --single-version-externally-managed
[6.723s] running egg_info
[6.725s] writing build/py_vision_rpi_bot/py_vision_rpi_bot.egg-info/PKG-INFO
[6.727s] writing dependency_links to build/py_vision_rpi_bot/py_vision_rpi_bot.egg-info/dependency_links.txt
[6.728s] writing entry points to build/py_vision_rpi_bot/py_vision_rpi_bot.egg-info/entry_points.txt
[6.740s] writing requirements to build/py_vision_rpi_bot/py_vision_rpi_bot.egg-info/requires.txt
[6.740s] writing top-level names to build/py_vision_rpi_bot/py_vision_rpi_bot.egg-info/top_level.txt
[6.756s] reading manifest file 'build/py_vision_rpi_bot/py_vision_rpi_bot.egg-info/SOURCES.txt'
[6.764s] writing manifest file 'build/py_vision_rpi_bot/py_vision_rpi_bot.egg-info/SOURCES.txt'
[6.765s] running build
[6.765s] running build_py
[6.766s] running install
[6.766s] running install_lib
[6.769s] running install_data
[6.772s] running install_egg_info
[6.791s] removing '/home/claudio/workspaces/src/py_vision_rpi_bot/install/py_vision_rpi_bot/lib/python3.10/site-packages/py_vision_rpi_bot-0.0.0-py3.10.egg-info' (and everything under it)
[6.791s] Copying build/py_vision_rpi_bot/py_vision_rpi_bot.egg-info to /home/claudio/workspaces/src/py_vision_rpi_bot/install/py_vision_rpi_bot/lib/python3.10/site-packages/py_vision_rpi_bot-0.0.0-py3.10.egg-info
[6.792s] running install_scripts
[6.901s] Installing publisher_node script to /home/claudio/workspaces/src/py_vision_rpi_bot/install/py_vision_rpi_bot/lib/py_vision_rpi_bot
[6.902s] Installing subscriber_node script to /home/claudio/workspaces/src/py_vision_rpi_bot/install/py_vision_rpi_bot/lib/py_vision_rpi_bot
[6.911s] writing list of installed files to '/home/claudio/workspaces/src/py_vision_rpi_bot/build/py_vision_rpi_bot/install.log'
[7.082s] Invoked command in '/home/claudio/workspaces/src/py_vision_rpi_bot' returned '0': PYTHONPATH=/home/claudio/workspaces/src/py_vision_rpi_bot/build/py_vision_rpi_bot/prefix_override:/home/claudio/workspaces/src/py_vision_rpi_bot/install/py_vision_rpi_bot/lib/python3.10/site-packages:${PYTHONPATH} /usr/bin/python3 setup.py egg_info --egg-base build/py_vision_rpi_bot build --build-base /home/claudio/workspaces/src/py_vision_rpi_bot/build/py_vision_rpi_bot/build install --record /home/claudio/workspaces/src/py_vision_rpi_bot/build/py_vision_rpi_bot/install.log --single-version-externally-managed
