[3.594s] Invoking command in '/home/claudio/workspaces/src/py_vision_rpi_bot': PYTHONPATH=/home/claudio/workspaces/src/py_vision_rpi_bot/build/py_vision_rpi_bot/prefix_override:/home/claudio/workspaces/src/py_vision_rpi_bot/install/py_vision_rpi_bot/lib/python3.10/site-packages:${PYTHONPATH} /usr/bin/python3 setup.py egg_info --egg-base build/py_vision_rpi_bot build --build-base /home/claudio/workspaces/src/py_vision_rpi_bot/build/py_vision_rpi_bot/build install --record /home/claudio/workspaces/src/py_vision_rpi_bot/build/py_vision_rpi_bot/install.log --single-version-externally-managed
[5.156s] running egg_info
[5.159s] writing build/py_vision_rpi_bot/py_vision_rpi_bot.egg-info/PKG-INFO
[5.160s] writing dependency_links to build/py_vision_rpi_bot/py_vision_rpi_bot.egg-info/dependency_links.txt
[5.162s] writing entry points to build/py_vision_rpi_bot/py_vision_rpi_bot.egg-info/entry_points.txt
[5.163s] writing requirements to build/py_vision_rpi_bot/py_vision_rpi_bot.egg-info/requires.txt
[5.164s] writing top-level names to build/py_vision_rpi_bot/py_vision_rpi_bot.egg-info/top_level.txt
[5.174s] reading manifest file 'build/py_vision_rpi_bot/py_vision_rpi_bot.egg-info/SOURCES.txt'
[5.181s] writing manifest file 'build/py_vision_rpi_bot/py_vision_rpi_bot.egg-info/SOURCES.txt'
[5.182s] running build
[5.182s] running build_py
[5.183s] running install
[5.183s] running install_lib
[5.196s] running install_data
[5.196s] running install_egg_info
[5.219s] removing '/home/claudio/workspaces/src/py_vision_rpi_bot/install/py_vision_rpi_bot/lib/python3.10/site-packages/py_vision_rpi_bot-0.0.0-py3.10.egg-info' (and everything under it)
[5.219s] Copying build/py_vision_rpi_bot/py_vision_rpi_bot.egg-info to /home/claudio/workspaces/src/py_vision_rpi_bot/install/py_vision_rpi_bot/lib/python3.10/site-packages/py_vision_rpi_bot-0.0.0-py3.10.egg-info
[5.220s] running install_scripts
[5.349s] Installing publisher_node script to /home/claudio/workspaces/src/py_vision_rpi_bot/install/py_vision_rpi_bot/lib/py_vision_rpi_bot
[5.350s] Installing subscriber_node script to /home/claudio/workspaces/src/py_vision_rpi_bot/install/py_vision_rpi_bot/lib/py_vision_rpi_bot
[5.352s] writing list of installed files to '/home/claudio/workspaces/src/py_vision_rpi_bot/build/py_vision_rpi_bot/install.log'
[5.524s] Invoked command in '/home/claudio/workspaces/src/py_vision_rpi_bot' returned '0': PYTHONPATH=/home/claudio/workspaces/src/py_vision_rpi_bot/build/py_vision_rpi_bot/prefix_override:/home/claudio/workspaces/src/py_vision_rpi_bot/install/py_vision_rpi_bot/lib/python3.10/site-packages:${PYTHONPATH} /usr/bin/python3 setup.py egg_info --egg-base build/py_vision_rpi_bot build --build-base /home/claudio/workspaces/src/py_vision_rpi_bot/build/py_vision_rpi_bot/build install --record /home/claudio/workspaces/src/py_vision_rpi_bot/build/py_vision_rpi_bot/install.log --single-version-externally-managed
