[2.286s] DEBUG:colcon:Command line arguments: ['/usr/bin/colcon', 'build']
[2.287s] DEBUG:colcon:Parsed command line arguments: Namespace(log_base=None, log_level=None, verb_name='build', build_base='build', install_base='install', merge_install=False, symlink_install=False, test_result_base=None, continue_on_error=False, executor='parallel', parallel_workers=4, event_handlers=None, ignore_user_meta=False, metas=['./colcon.meta'], base_paths=['.'], packages_ignore=None, packages_ignore_regex=None, paths=None, packages_up_to=None, packages_up_to_regex=None, packages_above=None, packages_above_and_dependencies=None, packages_above_depth=None, packages_select_by_dep=None, packages_skip_by_dep=None, packages_skip_up_to=None, packages_select_build_failed=False, packages_skip_build_finished=False, packages_select_test_failures=False, packages_skip_test_passed=False, packages_select=None, packages_skip=None, packages_select_regex=None, packages_skip_regex=None, packages_start=None, packages_end=None, allow_overriding=[], cmake_args=None, cmake_target=None, cmake_target_skip_unavailable=False, cmake_clean_cache=False, cmake_clean_first=False, cmake_force_configure=False, ament_cmake_args=None, catkin_cmake_args=None, catkin_skip_building_tests=False, verb_parser=<colcon_defaults.argument_parser.defaults.DefaultArgumentsDecorator object at 0x7f9df0ea2320>, verb_extension=<colcon_core.verb.build.BuildVerb object at 0x7f9df0ea1db0>, main=<bound method BuildVerb.main of <colcon_core.verb.build.BuildVerb object at 0x7f9df0ea1db0>>)
[2.504s] Level 1:colcon.colcon_core.package_discovery:discover_packages(colcon_meta) check parameters
[2.505s] Level 1:colcon.colcon_core.package_discovery:discover_packages(recursive) check parameters
[2.506s] Level 1:colcon.colcon_core.package_discovery:discover_packages(ignore) check parameters
[2.507s] Level 1:colcon.colcon_core.package_discovery:discover_packages(path) check parameters
[2.508s] Level 1:colcon.colcon_core.package_discovery:discover_packages(colcon_meta) discover
[2.509s] Level 1:colcon.colcon_core.package_discovery:discover_packages(recursive) discover
[2.510s] INFO:colcon.colcon_core.package_discovery:Crawling recursively for packages in '/home/claudio/workspaces/src/py_vision_rpi_bot'
[2.511s] Level 1:colcon.colcon_core.package_identification:_identify(.) by extensions ['ignore', 'ignore_ament_install']
[2.512s] Level 1:colcon.colcon_core.package_identification:_identify(.) by extension 'ignore'
[2.512s] Level 1:colcon.colcon_core.package_identification:_identify(.) by extension 'ignore_ament_install'
[2.513s] Level 1:colcon.colcon_core.package_identification:_identify(.) by extensions ['colcon_pkg']
[2.514s] Level 1:colcon.colcon_core.package_identification:_identify(.) by extension 'colcon_pkg'
[2.514s] Level 1:colcon.colcon_core.package_identification:_identify(.) by extensions ['colcon_meta']
[2.515s] Level 1:colcon.colcon_core.package_identification:_identify(.) by extension 'colcon_meta'
[2.516s] Level 1:colcon.colcon_core.package_identification:_identify(.) by extensions ['ros']
[2.516s] Level 1:colcon.colcon_core.package_identification:_identify(.) by extension 'ros'
[2.625s] DEBUG:colcon.colcon_core.package_identification:Package '.' with type 'ros.ament_python' and name 'py_vision_rpi_bot'
[2.626s] Level 1:colcon.colcon_core.package_discovery:discover_packages(recursive) using defaults
[2.627s] Level 1:colcon.colcon_core.package_discovery:discover_packages(ignore) discover
[2.627s] Level 1:colcon.colcon_core.package_discovery:discover_packages(ignore) using defaults
[2.628s] Level 1:colcon.colcon_core.package_discovery:discover_packages(path) discover
[2.629s] Level 1:colcon.colcon_core.package_discovery:discover_packages(path) using defaults
[2.830s] Level 1:colcon.colcon_core.package_discovery:discover_packages(prefix_path) check parameters
[2.831s] Level 1:colcon.colcon_core.package_discovery:discover_packages(prefix_path) discover
[2.862s] DEBUG:colcon.colcon_installed_package_information.package_discovery:Found 270 installed packages in /opt/ros/humble
[2.874s] Level 1:colcon.colcon_core.package_discovery:discover_packages(prefix_path) using defaults
[3.414s] Level 5:colcon.colcon_core.verb:set package 'py_vision_rpi_bot' build argument 'cmake_args' from command line to 'None'
[3.414s] Level 5:colcon.colcon_core.verb:set package 'py_vision_rpi_bot' build argument 'cmake_target' from command line to 'None'
[3.415s] Level 5:colcon.colcon_core.verb:set package 'py_vision_rpi_bot' build argument 'cmake_target_skip_unavailable' from command line to 'False'
[3.415s] Level 5:colcon.colcon_core.verb:set package 'py_vision_rpi_bot' build argument 'cmake_clean_cache' from command line to 'False'
[3.415s] Level 5:colcon.colcon_core.verb:set package 'py_vision_rpi_bot' build argument 'cmake_clean_first' from command line to 'False'
[3.415s] Level 5:colcon.colcon_core.verb:set package 'py_vision_rpi_bot' build argument 'cmake_force_configure' from command line to 'False'
[3.416s] Level 5:colcon.colcon_core.verb:set package 'py_vision_rpi_bot' build argument 'ament_cmake_args' from command line to 'None'
[3.416s] Level 5:colcon.colcon_core.verb:set package 'py_vision_rpi_bot' build argument 'catkin_cmake_args' from command line to 'None'
[3.416s] Level 5:colcon.colcon_core.verb:set package 'py_vision_rpi_bot' build argument 'catkin_skip_building_tests' from command line to 'False'
[3.417s] DEBUG:colcon.colcon_core.verb:Building package 'py_vision_rpi_bot' with the following arguments: {'ament_cmake_args': None, 'build_base': '/home/claudio/workspaces/src/py_vision_rpi_bot/build/py_vision_rpi_bot', 'catkin_cmake_args': None, 'catkin_skip_building_tests': False, 'cmake_args': None, 'cmake_clean_cache': False, 'cmake_clean_first': False, 'cmake_force_configure': False, 'cmake_target': None, 'cmake_target_skip_unavailable': False, 'install_base': '/home/claudio/workspaces/src/py_vision_rpi_bot/install/py_vision_rpi_bot', 'merge_install': False, 'path': '/home/claudio/workspaces/src/py_vision_rpi_bot', 'symlink_install': False, 'test_result_base': None}
[3.423s] INFO:colcon.colcon_core.executor:Executing jobs using 'parallel' executor
[3.467s] DEBUG:colcon.colcon_parallel_executor.executor.parallel:run_until_complete
[3.468s] INFO:colcon.colcon_ros.task.ament_python.build:Building ROS package in '/home/claudio/workspaces/src/py_vision_rpi_bot' with build type 'ament_python'
[3.470s] Level 1:colcon.colcon_core.shell:create_environment_hook('py_vision_rpi_bot', 'ament_prefix_path')
[3.527s] INFO:colcon.colcon_core.plugin_system:Skipping extension 'colcon_core.shell.bat': Not used on non-Windows systems
[3.529s] INFO:colcon.colcon_core.shell:Creating environment hook '/home/claudio/workspaces/src/py_vision_rpi_bot/install/py_vision_rpi_bot/share/py_vision_rpi_bot/hook/ament_prefix_path.ps1'
[3.535s] INFO:colcon.colcon_core.shell:Creating environment descriptor '/home/claudio/workspaces/src/py_vision_rpi_bot/install/py_vision_rpi_bot/share/py_vision_rpi_bot/hook/ament_prefix_path.dsv'
[3.541s] INFO:colcon.colcon_core.shell:Creating environment hook '/home/claudio/workspaces/src/py_vision_rpi_bot/install/py_vision_rpi_bot/share/py_vision_rpi_bot/hook/ament_prefix_path.sh'
[3.564s] INFO:colcon.colcon_core.shell:Skip shell extension 'powershell' for command environment: Not usable outside of PowerShell
[3.566s] DEBUG:colcon.colcon_core.shell:Skip shell extension 'dsv' for command environment
[5.793s] INFO:colcon.colcon_core.task.python.build:Building Python package in '/home/claudio/workspaces/src/py_vision_rpi_bot'
[5.802s] INFO:colcon.colcon_core.shell:Skip shell extension 'powershell' for command environment: Not usable outside of PowerShell
[5.803s] DEBUG:colcon.colcon_core.shell:Skip shell extension 'dsv' for command environment
[8.464s] DEBUG:colcon.colcon_core.event_handler.log_command:Invoking command in '/home/claudio/workspaces/src/py_vision_rpi_bot': PYTHONPATH=/home/claudio/workspaces/src/py_vision_rpi_bot/build/py_vision_rpi_bot/prefix_override:/home/claudio/workspaces/src/py_vision_rpi_bot/install/py_vision_rpi_bot/lib/python3.10/site-packages:${PYTHONPATH} /usr/bin/python3 setup.py egg_info --egg-base build/py_vision_rpi_bot build --build-base /home/claudio/workspaces/src/py_vision_rpi_bot/build/py_vision_rpi_bot/build install --record /home/claudio/workspaces/src/py_vision_rpi_bot/build/py_vision_rpi_bot/install.log --single-version-externally-managed
[10.585s] DEBUG:colcon.colcon_core.event_handler.log_command:Invoked command in '/home/claudio/workspaces/src/py_vision_rpi_bot' returned '0': PYTHONPATH=/home/claudio/workspaces/src/py_vision_rpi_bot/build/py_vision_rpi_bot/prefix_override:/home/claudio/workspaces/src/py_vision_rpi_bot/install/py_vision_rpi_bot/lib/python3.10/site-packages:${PYTHONPATH} /usr/bin/python3 setup.py egg_info --egg-base build/py_vision_rpi_bot build --build-base /home/claudio/workspaces/src/py_vision_rpi_bot/build/py_vision_rpi_bot/build install --record /home/claudio/workspaces/src/py_vision_rpi_bot/build/py_vision_rpi_bot/install.log --single-version-externally-managed
[10.606s] Level 1:colcon.colcon_core.environment:checking '/home/claudio/workspaces/src/py_vision_rpi_bot/install/py_vision_rpi_bot' for CMake module files
[10.609s] Level 1:colcon.colcon_core.environment:checking '/home/claudio/workspaces/src/py_vision_rpi_bot/install/py_vision_rpi_bot' for CMake config files
[10.614s] Level 1:colcon.colcon_core.environment:checking '/home/claudio/workspaces/src/py_vision_rpi_bot/install/py_vision_rpi_bot/lib'
[10.616s] Level 1:colcon.colcon_core.environment:checking '/home/claudio/workspaces/src/py_vision_rpi_bot/install/py_vision_rpi_bot/bin'
[10.616s] Level 1:colcon.colcon_core.environment:checking '/home/claudio/workspaces/src/py_vision_rpi_bot/install/py_vision_rpi_bot/lib/pkgconfig/py_vision_rpi_bot.pc'
[10.618s] Level 1:colcon.colcon_core.environment:checking '/home/claudio/workspaces/src/py_vision_rpi_bot/install/py_vision_rpi_bot/lib/python3.10/site-packages'
[10.619s] Level 1:colcon.colcon_core.shell:create_environment_hook('py_vision_rpi_bot', 'pythonpath')
[10.629s] INFO:colcon.colcon_core.shell:Creating environment hook '/home/claudio/workspaces/src/py_vision_rpi_bot/install/py_vision_rpi_bot/share/py_vision_rpi_bot/hook/pythonpath.ps1'
[10.632s] INFO:colcon.colcon_core.shell:Creating environment descriptor '/home/claudio/workspaces/src/py_vision_rpi_bot/install/py_vision_rpi_bot/share/py_vision_rpi_bot/hook/pythonpath.dsv'
[10.634s] INFO:colcon.colcon_core.shell:Creating environment hook '/home/claudio/workspaces/src/py_vision_rpi_bot/install/py_vision_rpi_bot/share/py_vision_rpi_bot/hook/pythonpath.sh'
[10.638s] Level 1:colcon.colcon_core.environment:checking '/home/claudio/workspaces/src/py_vision_rpi_bot/install/py_vision_rpi_bot/bin'
[10.638s] Level 1:colcon.colcon_core.environment:create_environment_scripts_only(py_vision_rpi_bot)
[10.650s] INFO:colcon.colcon_core.shell:Creating package script '/home/claudio/workspaces/src/py_vision_rpi_bot/install/py_vision_rpi_bot/share/py_vision_rpi_bot/package.ps1'
[10.663s] INFO:colcon.colcon_core.shell:Creating package descriptor '/home/claudio/workspaces/src/py_vision_rpi_bot/install/py_vision_rpi_bot/share/py_vision_rpi_bot/package.dsv'
[10.674s] INFO:colcon.colcon_core.shell:Creating package script '/home/claudio/workspaces/src/py_vision_rpi_bot/install/py_vision_rpi_bot/share/py_vision_rpi_bot/package.sh'
[10.681s] INFO:colcon.colcon_core.shell:Creating package script '/home/claudio/workspaces/src/py_vision_rpi_bot/install/py_vision_rpi_bot/share/py_vision_rpi_bot/package.bash'
[10.687s] INFO:colcon.colcon_core.shell:Creating package script '/home/claudio/workspaces/src/py_vision_rpi_bot/install/py_vision_rpi_bot/share/py_vision_rpi_bot/package.zsh'
[10.691s] Level 1:colcon.colcon_core.environment:create_file_with_runtime_dependencies(/home/claudio/workspaces/src/py_vision_rpi_bot/install/py_vision_rpi_bot/share/colcon-core/packages/py_vision_rpi_bot)
[10.694s] DEBUG:colcon.colcon_parallel_executor.executor.parallel:closing loop
[10.695s] DEBUG:colcon.colcon_parallel_executor.executor.parallel:loop closed
[10.695s] DEBUG:colcon.colcon_parallel_executor.executor.parallel:run_until_complete finished with '0'
[10.695s] DEBUG:colcon.colcon_core.event_reactor:joining thread
[10.734s] INFO:colcon.colcon_core.plugin_system:Skipping extension 'colcon_notification.desktop_notification.terminal_notifier': Not used on non-Darwin systems
[10.734s] INFO:colcon.colcon_core.plugin_system:Skipping extension 'colcon_notification.desktop_notification.win32': Not used on non-Windows systems
[10.735s] INFO:colcon.colcon_notification.desktop_notification:Sending desktop notification using 'notify2'
[10.815s] DEBUG:colcon.colcon_core.event_reactor:joined thread
[10.821s] INFO:colcon.colcon_core.shell:Creating prefix script '/home/claudio/workspaces/src/py_vision_rpi_bot/install/local_setup.ps1'
[10.825s] INFO:colcon.colcon_core.shell:Creating prefix util module '/home/claudio/workspaces/src/py_vision_rpi_bot/install/_local_setup_util_ps1.py'
[10.830s] INFO:colcon.colcon_core.shell:Creating prefix chain script '/home/claudio/workspaces/src/py_vision_rpi_bot/install/setup.ps1'
[10.834s] INFO:colcon.colcon_core.shell:Creating prefix script '/home/claudio/workspaces/src/py_vision_rpi_bot/install/local_setup.sh'
[10.836s] INFO:colcon.colcon_core.shell:Creating prefix util module '/home/claudio/workspaces/src/py_vision_rpi_bot/install/_local_setup_util_sh.py'
[10.839s] INFO:colcon.colcon_core.shell:Creating prefix chain script '/home/claudio/workspaces/src/py_vision_rpi_bot/install/setup.sh'
[10.845s] INFO:colcon.colcon_core.shell:Creating prefix script '/home/claudio/workspaces/src/py_vision_rpi_bot/install/local_setup.bash'
[10.847s] INFO:colcon.colcon_core.shell:Creating prefix chain script '/home/claudio/workspaces/src/py_vision_rpi_bot/install/setup.bash'
[10.852s] INFO:colcon.colcon_core.shell:Creating prefix script '/home/claudio/workspaces/src/py_vision_rpi_bot/install/local_setup.zsh'
[10.854s] INFO:colcon.colcon_core.shell:Creating prefix chain script '/home/claudio/workspaces/src/py_vision_rpi_bot/install/setup.zsh'
