[1.366s] DEBUG:colcon:Command line arguments: ['/usr/bin/colcon', 'build']
[1.366s] DEBUG:colcon:Parsed command line arguments: Namespace(log_base=None, log_level=None, verb_name='build', build_base='build', install_base='install', merge_install=False, symlink_install=False, test_result_base=None, continue_on_error=False, executor='parallel', parallel_workers=4, event_handlers=None, ignore_user_meta=False, metas=['./colcon.meta'], base_paths=['.'], packages_ignore=None, packages_ignore_regex=None, paths=None, packages_up_to=None, packages_up_to_regex=None, packages_above=None, packages_above_and_dependencies=None, packages_above_depth=None, packages_select_by_dep=None, packages_skip_by_dep=None, packages_skip_up_to=None, packages_select_build_failed=False, packages_skip_build_finished=False, packages_select_test_failures=False, packages_skip_test_passed=False, packages_select=None, packages_skip=None, packages_select_regex=None, packages_skip_regex=None, packages_start=None, packages_end=None, allow_overriding=[], cmake_args=None, cmake_target=None, cmake_target_skip_unavailable=False, cmake_clean_cache=False, cmake_clean_first=False, cmake_force_configure=False, ament_cmake_args=None, catkin_cmake_args=None, catkin_skip_building_tests=False, verb_parser=<colcon_defaults.argument_parser.defaults.DefaultArgumentsDecorator object at 0x7eff7ab31480>, verb_extension=<colcon_core.verb.build.BuildVerb object at 0x7eff7b33ea10>, main=<bound method BuildVerb.main of <colcon_core.verb.build.BuildVerb object at 0x7eff7b33ea10>>)
[1.447s] Level 1:colcon.colcon_core.package_discovery:discover_packages(colcon_meta) check parameters
[1.447s] Level 1:colcon.colcon_core.package_discovery:discover_packages(recursive) check parameters
[1.447s] Level 1:colcon.colcon_core.package_discovery:discover_packages(ignore) check parameters
[1.447s] Level 1:colcon.colcon_core.package_discovery:discover_packages(path) check parameters
[1.447s] Level 1:colcon.colcon_core.package_discovery:discover_packages(colcon_meta) discover
[1.448s] Level 1:colcon.colcon_core.package_discovery:discover_packages(recursive) discover
[1.448s] INFO:colcon.colcon_core.package_discovery:Crawling recursively for packages in '/home/claudio/workspaces/src/py_vision_rpi_bot'
[1.448s] Level 1:colcon.colcon_core.package_identification:_identify(.) by extensions ['ignore', 'ignore_ament_install']
[1.448s] Level 1:colcon.colcon_core.package_identification:_identify(.) by extension 'ignore'
[1.449s] Level 1:colcon.colcon_core.package_identification:_identify(.) by extension 'ignore_ament_install'
[1.449s] Level 1:colcon.colcon_core.package_identification:_identify(.) by extensions ['colcon_pkg']
[1.449s] Level 1:colcon.colcon_core.package_identification:_identify(.) by extension 'colcon_pkg'
[1.449s] Level 1:colcon.colcon_core.package_identification:_identify(.) by extensions ['colcon_meta']
[1.449s] Level 1:colcon.colcon_core.package_identification:_identify(.) by extension 'colcon_meta'
[1.449s] Level 1:colcon.colcon_core.package_identification:_identify(.) by extensions ['ros']
[1.449s] Level 1:colcon.colcon_core.package_identification:_identify(.) by extension 'ros'
[1.482s] DEBUG:colcon.colcon_core.package_identification:Package '.' with type 'ros.ament_python' and name 'py_vision_rpi_bot'
[1.482s] Level 1:colcon.colcon_core.package_discovery:discover_packages(recursive) using defaults
[1.482s] Level 1:colcon.colcon_core.package_discovery:discover_packages(ignore) discover
[1.482s] Level 1:colcon.colcon_core.package_discovery:discover_packages(ignore) using defaults
[1.482s] Level 1:colcon.colcon_core.package_discovery:discover_packages(path) discover
[1.482s] Level 1:colcon.colcon_core.package_discovery:discover_packages(path) using defaults
[1.534s] Level 1:colcon.colcon_core.package_discovery:discover_packages(prefix_path) check parameters
[1.534s] Level 1:colcon.colcon_core.package_discovery:discover_packages(prefix_path) discover
[1.541s] DEBUG:colcon.colcon_installed_package_information.package_discovery:Found 270 installed packages in /opt/ros/humble
[1.545s] Level 1:colcon.colcon_core.package_discovery:discover_packages(prefix_path) using defaults
[1.685s] Level 5:colcon.colcon_core.verb:set package 'py_vision_rpi_bot' build argument 'cmake_args' from command line to 'None'
[1.685s] Level 5:colcon.colcon_core.verb:set package 'py_vision_rpi_bot' build argument 'cmake_target' from command line to 'None'
[1.685s] Level 5:colcon.colcon_core.verb:set package 'py_vision_rpi_bot' build argument 'cmake_target_skip_unavailable' from command line to 'False'
[1.685s] Level 5:colcon.colcon_core.verb:set package 'py_vision_rpi_bot' build argument 'cmake_clean_cache' from command line to 'False'
[1.685s] Level 5:colcon.colcon_core.verb:set package 'py_vision_rpi_bot' build argument 'cmake_clean_first' from command line to 'False'
[1.685s] Level 5:colcon.colcon_core.verb:set package 'py_vision_rpi_bot' build argument 'cmake_force_configure' from command line to 'False'
[1.685s] Level 5:colcon.colcon_core.verb:set package 'py_vision_rpi_bot' build argument 'ament_cmake_args' from command line to 'None'
[1.686s] Level 5:colcon.colcon_core.verb:set package 'py_vision_rpi_bot' build argument 'catkin_cmake_args' from command line to 'None'
[1.686s] Level 5:colcon.colcon_core.verb:set package 'py_vision_rpi_bot' build argument 'catkin_skip_building_tests' from command line to 'False'
[1.686s] DEBUG:colcon.colcon_core.verb:Building package 'py_vision_rpi_bot' with the following arguments: {'ament_cmake_args': None, 'build_base': '/home/claudio/workspaces/src/py_vision_rpi_bot/build/py_vision_rpi_bot', 'catkin_cmake_args': None, 'catkin_skip_building_tests': False, 'cmake_args': None, 'cmake_clean_cache': False, 'cmake_clean_first': False, 'cmake_force_configure': False, 'cmake_target': None, 'cmake_target_skip_unavailable': False, 'install_base': '/home/claudio/workspaces/src/py_vision_rpi_bot/install/py_vision_rpi_bot', 'merge_install': False, 'path': '/home/claudio/workspaces/src/py_vision_rpi_bot', 'symlink_install': False, 'test_result_base': None}
[1.687s] INFO:colcon.colcon_core.executor:Executing jobs using 'parallel' executor
[1.695s] DEBUG:colcon.colcon_parallel_executor.executor.parallel:run_until_complete
[1.696s] INFO:colcon.colcon_ros.task.ament_python.build:Building ROS package in '/home/claudio/workspaces/src/py_vision_rpi_bot' with build type 'ament_python'
[1.696s] Level 1:colcon.colcon_core.shell:create_environment_hook('py_vision_rpi_bot', 'ament_prefix_path')
[1.706s] INFO:colcon.colcon_core.plugin_system:Skipping extension 'colcon_core.shell.bat': Not used on non-Windows systems
[1.706s] INFO:colcon.colcon_core.shell:Creating environment hook '/home/claudio/workspaces/src/py_vision_rpi_bot/install/py_vision_rpi_bot/share/py_vision_rpi_bot/hook/ament_prefix_path.ps1'
[1.708s] INFO:colcon.colcon_core.shell:Creating environment descriptor '/home/claudio/workspaces/src/py_vision_rpi_bot/install/py_vision_rpi_bot/share/py_vision_rpi_bot/hook/ament_prefix_path.dsv'
[1.709s] INFO:colcon.colcon_core.shell:Creating environment hook '/home/claudio/workspaces/src/py_vision_rpi_bot/install/py_vision_rpi_bot/share/py_vision_rpi_bot/hook/ament_prefix_path.sh'
[1.712s] INFO:colcon.colcon_core.shell:Skip shell extension 'powershell' for command environment: Not usable outside of PowerShell
[1.713s] DEBUG:colcon.colcon_core.shell:Skip shell extension 'dsv' for command environment
[2.709s] INFO:colcon.colcon_core.task.python.build:Building Python package in '/home/claudio/workspaces/src/py_vision_rpi_bot'
[2.715s] INFO:colcon.colcon_core.shell:Skip shell extension 'powershell' for command environment: Not usable outside of PowerShell
[2.715s] DEBUG:colcon.colcon_core.shell:Skip shell extension 'dsv' for command environment
[4.394s] DEBUG:colcon.colcon_core.event_handler.log_command:Invoking command in '/home/claudio/workspaces/src/py_vision_rpi_bot': PYTHONPATH=/home/claudio/workspaces/src/py_vision_rpi_bot/build/py_vision_rpi_bot/prefix_override:/home/claudio/workspaces/src/py_vision_rpi_bot/install/py_vision_rpi_bot/lib/python3.10/site-packages:${PYTHONPATH} /usr/bin/python3 setup.py egg_info --egg-base build/py_vision_rpi_bot build --build-base /home/claudio/workspaces/src/py_vision_rpi_bot/build/py_vision_rpi_bot/build install --record /home/claudio/workspaces/src/py_vision_rpi_bot/build/py_vision_rpi_bot/install.log --single-version-externally-managed
[5.940s] DEBUG:colcon.colcon_core.event_handler.log_command:Invoked command in '/home/claudio/workspaces/src/py_vision_rpi_bot' returned '0': PYTHONPATH=/home/claudio/workspaces/src/py_vision_rpi_bot/build/py_vision_rpi_bot/prefix_override:/home/claudio/workspaces/src/py_vision_rpi_bot/install/py_vision_rpi_bot/lib/python3.10/site-packages:${PYTHONPATH} /usr/bin/python3 setup.py egg_info --egg-base build/py_vision_rpi_bot build --build-base /home/claudio/workspaces/src/py_vision_rpi_bot/build/py_vision_rpi_bot/build install --record /home/claudio/workspaces/src/py_vision_rpi_bot/build/py_vision_rpi_bot/install.log --single-version-externally-managed
[5.957s] Level 1:colcon.colcon_core.environment:checking '/home/claudio/workspaces/src/py_vision_rpi_bot/install/py_vision_rpi_bot' for CMake module files
[5.959s] Level 1:colcon.colcon_core.environment:checking '/home/claudio/workspaces/src/py_vision_rpi_bot/install/py_vision_rpi_bot' for CMake config files
[5.961s] Level 1:colcon.colcon_core.environment:checking '/home/claudio/workspaces/src/py_vision_rpi_bot/install/py_vision_rpi_bot/lib'
[5.962s] Level 1:colcon.colcon_core.environment:checking '/home/claudio/workspaces/src/py_vision_rpi_bot/install/py_vision_rpi_bot/bin'
[5.963s] Level 1:colcon.colcon_core.environment:checking '/home/claudio/workspaces/src/py_vision_rpi_bot/install/py_vision_rpi_bot/lib/pkgconfig/py_vision_rpi_bot.pc'
[5.965s] Level 1:colcon.colcon_core.environment:checking '/home/claudio/workspaces/src/py_vision_rpi_bot/install/py_vision_rpi_bot/lib/python3.10/site-packages'
[5.965s] Level 1:colcon.colcon_core.shell:create_environment_hook('py_vision_rpi_bot', 'pythonpath')
[5.972s] INFO:colcon.colcon_core.shell:Creating environment hook '/home/claudio/workspaces/src/py_vision_rpi_bot/install/py_vision_rpi_bot/share/py_vision_rpi_bot/hook/pythonpath.ps1'
[5.974s] INFO:colcon.colcon_core.shell:Creating environment descriptor '/home/claudio/workspaces/src/py_vision_rpi_bot/install/py_vision_rpi_bot/share/py_vision_rpi_bot/hook/pythonpath.dsv'
[5.975s] INFO:colcon.colcon_core.shell:Creating environment hook '/home/claudio/workspaces/src/py_vision_rpi_bot/install/py_vision_rpi_bot/share/py_vision_rpi_bot/hook/pythonpath.sh'
[5.978s] Level 1:colcon.colcon_core.environment:checking '/home/claudio/workspaces/src/py_vision_rpi_bot/install/py_vision_rpi_bot/bin'
[5.979s] Level 1:colcon.colcon_core.environment:create_environment_scripts_only(py_vision_rpi_bot)
[5.987s] INFO:colcon.colcon_core.shell:Creating package script '/home/claudio/workspaces/src/py_vision_rpi_bot/install/py_vision_rpi_bot/share/py_vision_rpi_bot/package.ps1'
[5.992s] INFO:colcon.colcon_core.shell:Creating package descriptor '/home/claudio/workspaces/src/py_vision_rpi_bot/install/py_vision_rpi_bot/share/py_vision_rpi_bot/package.dsv'
[5.997s] INFO:colcon.colcon_core.shell:Creating package script '/home/claudio/workspaces/src/py_vision_rpi_bot/install/py_vision_rpi_bot/share/py_vision_rpi_bot/package.sh'
[6.000s] INFO:colcon.colcon_core.shell:Creating package script '/home/claudio/workspaces/src/py_vision_rpi_bot/install/py_vision_rpi_bot/share/py_vision_rpi_bot/package.bash'
[6.003s] INFO:colcon.colcon_core.shell:Creating package script '/home/claudio/workspaces/src/py_vision_rpi_bot/install/py_vision_rpi_bot/share/py_vision_rpi_bot/package.zsh'
[6.007s] Level 1:colcon.colcon_core.environment:create_file_with_runtime_dependencies(/home/claudio/workspaces/src/py_vision_rpi_bot/install/py_vision_rpi_bot/share/colcon-core/packages/py_vision_rpi_bot)
[6.008s] DEBUG:colcon.colcon_parallel_executor.executor.parallel:closing loop
[6.010s] DEBUG:colcon.colcon_parallel_executor.executor.parallel:loop closed
[6.010s] DEBUG:colcon.colcon_parallel_executor.executor.parallel:run_until_complete finished with '0'
[6.010s] DEBUG:colcon.colcon_core.event_reactor:joining thread
[6.045s] INFO:colcon.colcon_core.plugin_system:Skipping extension 'colcon_notification.desktop_notification.terminal_notifier': Not used on non-Darwin systems
[6.046s] INFO:colcon.colcon_core.plugin_system:Skipping extension 'colcon_notification.desktop_notification.win32': Not used on non-Windows systems
[6.047s] INFO:colcon.colcon_notification.desktop_notification:Sending desktop notification using 'notify2'
[6.123s] DEBUG:colcon.colcon_core.event_reactor:joined thread
[6.129s] INFO:colcon.colcon_core.shell:Creating prefix script '/home/claudio/workspaces/src/py_vision_rpi_bot/install/local_setup.ps1'
[6.132s] INFO:colcon.colcon_core.shell:Creating prefix util module '/home/claudio/workspaces/src/py_vision_rpi_bot/install/_local_setup_util_ps1.py'
[6.137s] INFO:colcon.colcon_core.shell:Creating prefix chain script '/home/claudio/workspaces/src/py_vision_rpi_bot/install/setup.ps1'
[6.141s] INFO:colcon.colcon_core.shell:Creating prefix script '/home/claudio/workspaces/src/py_vision_rpi_bot/install/local_setup.sh'
[6.143s] INFO:colcon.colcon_core.shell:Creating prefix util module '/home/claudio/workspaces/src/py_vision_rpi_bot/install/_local_setup_util_sh.py'
[6.146s] INFO:colcon.colcon_core.shell:Creating prefix chain script '/home/claudio/workspaces/src/py_vision_rpi_bot/install/setup.sh'
[6.151s] INFO:colcon.colcon_core.shell:Creating prefix script '/home/claudio/workspaces/src/py_vision_rpi_bot/install/local_setup.bash'
[6.154s] INFO:colcon.colcon_core.shell:Creating prefix chain script '/home/claudio/workspaces/src/py_vision_rpi_bot/install/setup.bash'
[6.159s] INFO:colcon.colcon_core.shell:Creating prefix script '/home/claudio/workspaces/src/py_vision_rpi_bot/install/local_setup.zsh'
[6.161s] INFO:colcon.colcon_core.shell:Creating prefix chain script '/home/claudio/workspaces/src/py_vision_rpi_bot/install/setup.zsh'
