running egg_info
writing build/py_vision_rpi_bot/py_vision_rpi_bot.egg-info/PKG-INFO
writing dependency_links to build/py_vision_rpi_bot/py_vision_rpi_bot.egg-info/dependency_links.txt
writing entry points to build/py_vision_rpi_bot/py_vision_rpi_bot.egg-info/entry_points.txt
writing requirements to build/py_vision_rpi_bot/py_vision_rpi_bot.egg-info/requires.txt
writing top-level names to build/py_vision_rpi_bot/py_vision_rpi_bot.egg-info/top_level.txt
reading manifest file 'build/py_vision_rpi_bot/py_vision_rpi_bot.egg-info/SOURCES.txt'
writing manifest file 'build/py_vision_rpi_bot/py_vision_rpi_bot.egg-info/SOURCES.txt'
running build
running build_py
copying py_vision_rpi_bot/publisher.py -> /home/claudio/workspaces/src/py_vision_rpi_bot/build/py_vision_rpi_bot/build/lib/py_vision_rpi_bot
running install
running install_lib
copying /home/claudio/workspaces/src/py_vision_rpi_bot/build/py_vision_rpi_bot/build/lib/py_vision_rpi_bot/publisher.py -> /home/claudio/workspaces/src/py_vision_rpi_bot/install/py_vision_rpi_bot/lib/python3.10/site-packages/py_vision_rpi_bot
byte-compiling /home/claudio/workspaces/src/py_vision_rpi_bot/install/py_vision_rpi_bot/lib/python3.10/site-packages/py_vision_rpi_bot/publisher.py to publisher.cpython-310.pyc
running install_data
running install_egg_info
removing '/home/claudio/workspaces/src/py_vision_rpi_bot/install/py_vision_rpi_bot/lib/python3.10/site-packages/py_vision_rpi_bot-0.0.0-py3.10.egg-info' (and everything under it)
Copying build/py_vision_rpi_bot/py_vision_rpi_bot.egg-info to /home/claudio/workspaces/src/py_vision_rpi_bot/install/py_vision_rpi_bot/lib/python3.10/site-packages/py_vision_rpi_bot-0.0.0-py3.10.egg-info
running install_scripts
Installing publisher_node script to /home/claudio/workspaces/src/py_vision_rpi_bot/install/py_vision_rpi_bot/lib/py_vision_rpi_bot
Installing subscriber_node script to /home/claudio/workspaces/src/py_vision_rpi_bot/install/py_vision_rpi_bot/lib/py_vision_rpi_bot
writing list of installed files to '/home/claudio/workspaces/src/py_vision_rpi_bot/build/py_vision_rpi_bot/install.log'
