[2.367s] Invoking command in '/home/claudio/workspaces/src/py_vision_rpi_bot': PYTHONPATH=/home/claudio/workspaces/src/py_vision_rpi_bot/build/py_vision_rpi_bot/prefix_override:/home/claudio/workspaces/src/py_vision_rpi_bot/install/py_vision_rpi_bot/lib/python3.10/site-packages:${PYTHONPATH} /usr/bin/python3 setup.py egg_info --egg-base build/py_vision_rpi_bot build --build-base /home/claudio/workspaces/src/py_vision_rpi_bot/build/py_vision_rpi_bot/build install --record /home/claudio/workspaces/src/py_vision_rpi_bot/build/py_vision_rpi_bot/install.log --single-version-externally-managed
[3.246s] running egg_info
[3.249s] writing build/py_vision_rpi_bot/py_vision_rpi_bot.egg-info/PKG-INFO
[3.250s] writing dependency_links to build/py_vision_rpi_bot/py_vision_rpi_bot.egg-info/dependency_links.txt
[3.250s] writing entry points to build/py_vision_rpi_bot/py_vision_rpi_bot.egg-info/entry_points.txt
[3.251s] writing requirements to build/py_vision_rpi_bot/py_vision_rpi_bot.egg-info/requires.txt
[3.258s] writing top-level names to build/py_vision_rpi_bot/py_vision_rpi_bot.egg-info/top_level.txt
[3.258s] reading manifest file 'build/py_vision_rpi_bot/py_vision_rpi_bot.egg-info/SOURCES.txt'
[3.262s] writing manifest file 'build/py_vision_rpi_bot/py_vision_rpi_bot.egg-info/SOURCES.txt'
[3.263s] running build
[3.263s] running build_py
[3.269s] copying py_vision_rpi_bot/publisher.py -> /home/claudio/workspaces/src/py_vision_rpi_bot/build/py_vision_rpi_bot/build/lib/py_vision_rpi_bot
[3.270s] running install
[3.270s] running install_lib
[3.275s] /usr/lib/python3/dist-packages/setuptools/command/install.py:34: SetuptoolsDeprecationWarning: setup.py install is deprecated. Use build and pip and other standards-based tools.
[3.275s]   warnings.warn(
[3.276s] copying /home/claudio/workspaces/src/py_vision_rpi_bot/build/py_vision_rpi_bot/build/lib/py_vision_rpi_bot/publisher.py -> /home/claudio/workspaces/src/py_vision_rpi_bot/install/py_vision_rpi_bot/lib/python3.10/site-packages/py_vision_rpi_bot
[3.276s] byte-compiling /home/claudio/workspaces/src/py_vision_rpi_bot/install/py_vision_rpi_bot/lib/python3.10/site-packages/py_vision_rpi_bot/publisher.py to publisher.cpython-310.pyc
[3.276s] running install_data
[3.277s] running install_egg_info
[3.300s] removing '/home/claudio/workspaces/src/py_vision_rpi_bot/install/py_vision_rpi_bot/lib/python3.10/site-packages/py_vision_rpi_bot-0.0.0-py3.10.egg-info' (and everything under it)
[3.304s] Copying build/py_vision_rpi_bot/py_vision_rpi_bot.egg-info to /home/claudio/workspaces/src/py_vision_rpi_bot/install/py_vision_rpi_bot/lib/python3.10/site-packages/py_vision_rpi_bot-0.0.0-py3.10.egg-info
[3.305s] running install_scripts
[3.391s] Installing publisher_node script to /home/claudio/workspaces/src/py_vision_rpi_bot/install/py_vision_rpi_bot/lib/py_vision_rpi_bot
[3.391s] Installing subscriber_node script to /home/claudio/workspaces/src/py_vision_rpi_bot/install/py_vision_rpi_bot/lib/py_vision_rpi_bot
[3.392s] writing list of installed files to '/home/claudio/workspaces/src/py_vision_rpi_bot/build/py_vision_rpi_bot/install.log'
[3.481s] Invoked command in '/home/claudio/workspaces/src/py_vision_rpi_bot' returned '0': PYTHONPATH=/home/claudio/workspaces/src/py_vision_rpi_bot/build/py_vision_rpi_bot/prefix_override:/home/claudio/workspaces/src/py_vision_rpi_bot/install/py_vision_rpi_bot/lib/python3.10/site-packages:${PYTHONPATH} /usr/bin/python3 setup.py egg_info --egg-base build/py_vision_rpi_bot build --build-base /home/claudio/workspaces/src/py_vision_rpi_bot/build/py_vision_rpi_bot/build install --record /home/claudio/workspaces/src/py_vision_rpi_bot/build/py_vision_rpi_bot/install.log --single-version-externally-managed
