running egg_info
creating build/py_vision_rpi_bot/py_vision_rpi_bot.egg-info
writing build/py_vision_rpi_bot/py_vision_rpi_bot.egg-info/PKG-INFO
writing dependency_links to build/py_vision_rpi_bot/py_vision_rpi_bot.egg-info/dependency_links.txt
writing entry points to build/py_vision_rpi_bot/py_vision_rpi_bot.egg-info/entry_points.txt
writing requirements to build/py_vision_rpi_bot/py_vision_rpi_bot.egg-info/requires.txt
writing top-level names to build/py_vision_rpi_bot/py_vision_rpi_bot.egg-info/top_level.txt
writing manifest file 'build/py_vision_rpi_bot/py_vision_rpi_bot.egg-info/SOURCES.txt'
reading manifest file 'build/py_vision_rpi_bot/py_vision_rpi_bot.egg-info/SOURCES.txt'
writing manifest file 'build/py_vision_rpi_bot/py_vision_rpi_bot.egg-info/SOURCES.txt'
running build
running build_py
creating /home/claudio/workspaces/src/py_vision_rpi_bot/build/py_vision_rpi_bot/build
creating /home/claudio/workspaces/src/py_vision_rpi_bot/build/py_vision_rpi_bot/build/lib
creating /home/claudio/workspaces/src/py_vision_rpi_bot/build/py_vision_rpi_bot/build/lib/py_vision_rpi_bot
copying py_vision_rpi_bot/__init__.py -> /home/claudio/workspaces/src/py_vision_rpi_bot/build/py_vision_rpi_bot/build/lib/py_vision_rpi_bot
copying py_vision_rpi_bot/subscriber.py -> /home/claudio/workspaces/src/py_vision_rpi_bot/build/py_vision_rpi_bot/build/lib/py_vision_rpi_bot
copying py_vision_rpi_bot/publisher.py -> /home/claudio/workspaces/src/py_vision_rpi_bot/build/py_vision_rpi_bot/build/lib/py_vision_rpi_bot
/usr/lib/python3/dist-packages/setuptools/command/install.py:34: SetuptoolsDeprecationWarning: setup.py install is deprecated. Use build and pip and other standards-based tools.
  warnings.warn(
running install
running install_lib
creating /home/claudio/workspaces/src/py_vision_rpi_bot/install/py_vision_rpi_bot/lib/python3.10/site-packages/py_vision_rpi_bot
copying /home/claudio/workspaces/src/py_vision_rpi_bot/build/py_vision_rpi_bot/build/lib/py_vision_rpi_bot/__init__.py -> /home/claudio/workspaces/src/py_vision_rpi_bot/install/py_vision_rpi_bot/lib/python3.10/site-packages/py_vision_rpi_bot
copying /home/claudio/workspaces/src/py_vision_rpi_bot/build/py_vision_rpi_bot/build/lib/py_vision_rpi_bot/subscriber.py -> /home/claudio/workspaces/src/py_vision_rpi_bot/install/py_vision_rpi_bot/lib/python3.10/site-packages/py_vision_rpi_bot
copying /home/claudio/workspaces/src/py_vision_rpi_bot/build/py_vision_rpi_bot/build/lib/py_vision_rpi_bot/publisher.py -> /home/claudio/workspaces/src/py_vision_rpi_bot/install/py_vision_rpi_bot/lib/python3.10/site-packages/py_vision_rpi_bot
byte-compiling /home/claudio/workspaces/src/py_vision_rpi_bot/install/py_vision_rpi_bot/lib/python3.10/site-packages/py_vision_rpi_bot/__init__.py to __init__.cpython-310.pyc
byte-compiling /home/claudio/workspaces/src/py_vision_rpi_bot/install/py_vision_rpi_bot/lib/python3.10/site-packages/py_vision_rpi_bot/subscriber.py to subscriber.cpython-310.pyc
byte-compiling /home/claudio/workspaces/src/py_vision_rpi_bot/install/py_vision_rpi_bot/lib/python3.10/site-packages/py_vision_rpi_bot/publisher.py to publisher.cpython-310.pyc
running install_data
creating /home/claudio/workspaces/src/py_vision_rpi_bot/install/py_vision_rpi_bot/share/ament_index
creating /home/claudio/workspaces/src/py_vision_rpi_bot/install/py_vision_rpi_bot/share/ament_index/resource_index
creating /home/claudio/workspaces/src/py_vision_rpi_bot/install/py_vision_rpi_bot/share/ament_index/resource_index/packages
copying resource/py_vision_rpi_bot -> /home/claudio/workspaces/src/py_vision_rpi_bot/install/py_vision_rpi_bot/share/ament_index/resource_index/packages
copying package.xml -> /home/claudio/workspaces/src/py_vision_rpi_bot/install/py_vision_rpi_bot/share/py_vision_rpi_bot
running install_egg_info
Copying build/py_vision_rpi_bot/py_vision_rpi_bot.egg-info to /home/claudio/workspaces/src/py_vision_rpi_bot/install/py_vision_rpi_bot/lib/python3.10/site-packages/py_vision_rpi_bot-0.0.0-py3.10.egg-info
running install_scripts
Installing publisher_node script to /home/claudio/workspaces/src/py_vision_rpi_bot/install/py_vision_rpi_bot/lib/py_vision_rpi_bot
Installing subscriber_node script to /home/claudio/workspaces/src/py_vision_rpi_bot/install/py_vision_rpi_bot/lib/py_vision_rpi_bot
writing list of installed files to '/home/claudio/workspaces/src/py_vision_rpi_bot/build/py_vision_rpi_bot/install.log'
