[3.686s] Invoking command in '/home/claudio/workspaces/src/py_vision_rpi_bot': PYTHONPATH=/home/claudio/workspaces/src/py_vision_rpi_bot/build/py_vision_rpi_bot/prefix_override:/home/claudio/workspaces/src/py_vision_rpi_bot/install/py_vision_rpi_bot/lib/python3.10/site-packages:${PYTHONPATH} /usr/bin/python3 setup.py egg_info --egg-base build/py_vision_rpi_bot build --build-base /home/claudio/workspaces/src/py_vision_rpi_bot/build/py_vision_rpi_bot/build install --record /home/claudio/workspaces/src/py_vision_rpi_bot/build/py_vision_rpi_bot/install.log --single-version-externally-managed
[5.022s] running egg_info
[5.025s] creating build/py_vision_rpi_bot/py_vision_rpi_bot.egg-info
[5.028s] writing build/py_vision_rpi_bot/py_vision_rpi_bot.egg-info/PKG-INFO
[5.028s] writing dependency_links to build/py_vision_rpi_bot/py_vision_rpi_bot.egg-info/dependency_links.txt
[5.028s] writing entry points to build/py_vision_rpi_bot/py_vision_rpi_bot.egg-info/entry_points.txt
[5.029s] writing requirements to build/py_vision_rpi_bot/py_vision_rpi_bot.egg-info/requires.txt
[5.030s] writing top-level names to build/py_vision_rpi_bot/py_vision_rpi_bot.egg-info/top_level.txt
[5.031s] writing manifest file 'build/py_vision_rpi_bot/py_vision_rpi_bot.egg-info/SOURCES.txt'
[5.036s] reading manifest file 'build/py_vision_rpi_bot/py_vision_rpi_bot.egg-info/SOURCES.txt'
[5.038s] writing manifest file 'build/py_vision_rpi_bot/py_vision_rpi_bot.egg-info/SOURCES.txt'
[5.039s] running build
[5.040s] running build_py
[5.040s] creating /home/claudio/workspaces/src/py_vision_rpi_bot/build/py_vision_rpi_bot/build
[5.041s] creating /home/claudio/workspaces/src/py_vision_rpi_bot/build/py_vision_rpi_bot/build/lib
[5.042s] creating /home/claudio/workspaces/src/py_vision_rpi_bot/build/py_vision_rpi_bot/build/lib/py_vision_rpi_bot
[5.042s] copying py_vision_rpi_bot/__init__.py -> /home/claudio/workspaces/src/py_vision_rpi_bot/build/py_vision_rpi_bot/build/lib/py_vision_rpi_bot
[5.043s] copying py_vision_rpi_bot/subscriber.py -> /home/claudio/workspaces/src/py_vision_rpi_bot/build/py_vision_rpi_bot/build/lib/py_vision_rpi_bot
[5.044s] copying py_vision_rpi_bot/publisher.py -> /home/claudio/workspaces/src/py_vision_rpi_bot/build/py_vision_rpi_bot/build/lib/py_vision_rpi_bot
[5.045s] /usr/lib/python3/dist-packages/setuptools/command/install.py:34: SetuptoolsDeprecationWarning: setup.py install is deprecated. Use build and pip and other standards-based tools.
[5.045s]   warnings.warn(
[5.046s] running install
[5.047s] running install_lib
[5.051s] creating /home/claudio/workspaces/src/py_vision_rpi_bot/install/py_vision_rpi_bot/lib/python3.10/site-packages/py_vision_rpi_bot
[5.052s] copying /home/claudio/workspaces/src/py_vision_rpi_bot/build/py_vision_rpi_bot/build/lib/py_vision_rpi_bot/__init__.py -> /home/claudio/workspaces/src/py_vision_rpi_bot/install/py_vision_rpi_bot/lib/python3.10/site-packages/py_vision_rpi_bot
[5.052s] copying /home/claudio/workspaces/src/py_vision_rpi_bot/build/py_vision_rpi_bot/build/lib/py_vision_rpi_bot/subscriber.py -> /home/claudio/workspaces/src/py_vision_rpi_bot/install/py_vision_rpi_bot/lib/python3.10/site-packages/py_vision_rpi_bot
[5.052s] copying /home/claudio/workspaces/src/py_vision_rpi_bot/build/py_vision_rpi_bot/build/lib/py_vision_rpi_bot/publisher.py -> /home/claudio/workspaces/src/py_vision_rpi_bot/install/py_vision_rpi_bot/lib/python3.10/site-packages/py_vision_rpi_bot
[5.053s] byte-compiling /home/claudio/workspaces/src/py_vision_rpi_bot/install/py_vision_rpi_bot/lib/python3.10/site-packages/py_vision_rpi_bot/__init__.py to __init__.cpython-310.pyc
[5.054s] byte-compiling /home/claudio/workspaces/src/py_vision_rpi_bot/install/py_vision_rpi_bot/lib/python3.10/site-packages/py_vision_rpi_bot/subscriber.py to subscriber.cpython-310.pyc
[5.055s] byte-compiling /home/claudio/workspaces/src/py_vision_rpi_bot/install/py_vision_rpi_bot/lib/python3.10/site-packages/py_vision_rpi_bot/publisher.py to publisher.cpython-310.pyc
[5.055s] running install_data
[5.057s] creating /home/claudio/workspaces/src/py_vision_rpi_bot/install/py_vision_rpi_bot/share/ament_index
[5.058s] creating /home/claudio/workspaces/src/py_vision_rpi_bot/install/py_vision_rpi_bot/share/ament_index/resource_index
[5.058s] creating /home/claudio/workspaces/src/py_vision_rpi_bot/install/py_vision_rpi_bot/share/ament_index/resource_index/packages
[5.059s] copying resource/py_vision_rpi_bot -> /home/claudio/workspaces/src/py_vision_rpi_bot/install/py_vision_rpi_bot/share/ament_index/resource_index/packages
[5.060s] copying package.xml -> /home/claudio/workspaces/src/py_vision_rpi_bot/install/py_vision_rpi_bot/share/py_vision_rpi_bot
[5.060s] running install_egg_info
[5.078s] Copying build/py_vision_rpi_bot/py_vision_rpi_bot.egg-info to /home/claudio/workspaces/src/py_vision_rpi_bot/install/py_vision_rpi_bot/lib/python3.10/site-packages/py_vision_rpi_bot-0.0.0-py3.10.egg-info
[5.079s] running install_scripts
[5.192s] Installing publisher_node script to /home/claudio/workspaces/src/py_vision_rpi_bot/install/py_vision_rpi_bot/lib/py_vision_rpi_bot
[5.192s] Installing subscriber_node script to /home/claudio/workspaces/src/py_vision_rpi_bot/install/py_vision_rpi_bot/lib/py_vision_rpi_bot
[5.194s] writing list of installed files to '/home/claudio/workspaces/src/py_vision_rpi_bot/build/py_vision_rpi_bot/install.log'
[5.374s] Invoked command in '/home/claudio/workspaces/src/py_vision_rpi_bot' returned '0': PYTHONPATH=/home/claudio/workspaces/src/py_vision_rpi_bot/build/py_vision_rpi_bot/prefix_override:/home/claudio/workspaces/src/py_vision_rpi_bot/install/py_vision_rpi_bot/lib/python3.10/site-packages:${PYTHONPATH} /usr/bin/python3 setup.py egg_info --egg-base build/py_vision_rpi_bot build --build-base /home/claudio/workspaces/src/py_vision_rpi_bot/build/py_vision_rpi_bot/build install --record /home/claudio/workspaces/src/py_vision_rpi_bot/build/py_vision_rpi_bot/install.log --single-version-externally-managed
