[2.691s] Invoking command in '/home/claudio/workspaces/src/py_vision_rpi_bot': PYTHONPATH=/home/claudio/workspaces/src/py_vision_rpi_bot/build/py_vision_rpi_bot/prefix_override:/home/claudio/workspaces/src/py_vision_rpi_bot/install/py_vision_rpi_bot/lib/python3.10/site-packages:${PYTHONPATH} /usr/bin/python3 setup.py egg_info --egg-base build/py_vision_rpi_bot build --build-base /home/claudio/workspaces/src/py_vision_rpi_bot/build/py_vision_rpi_bot/build install --record /home/claudio/workspaces/src/py_vision_rpi_bot/build/py_vision_rpi_bot/install.log --single-version-externally-managed
[4.022s] running egg_info
[4.026s] writing build/py_vision_rpi_bot/py_vision_rpi_bot.egg-info/PKG-INFO
[4.026s] writing dependency_links to build/py_vision_rpi_bot/py_vision_rpi_bot.egg-info/dependency_links.txt
[4.027s] writing entry points to build/py_vision_rpi_bot/py_vision_rpi_bot.egg-info/entry_points.txt
[4.027s] writing requirements to build/py_vision_rpi_bot/py_vision_rpi_bot.egg-info/requires.txt
[4.027s] writing top-level names to build/py_vision_rpi_bot/py_vision_rpi_bot.egg-info/top_level.txt
[4.035s] reading manifest file 'build/py_vision_rpi_bot/py_vision_rpi_bot.egg-info/SOURCES.txt'
[4.035s] writing manifest file 'build/py_vision_rpi_bot/py_vision_rpi_bot.egg-info/SOURCES.txt'
[4.035s] running build
[4.035s] running build_py
[4.039s] running install
[4.039s] running install_lib
[4.039s] /usr/lib/python3/dist-packages/setuptools/command/install.py:34: SetuptoolsDeprecationWarning: setup.py install is deprecated. Use build and pip and other standards-based tools.
[4.040s]   warnings.warn(
[4.043s] running install_data
[4.044s] copying package.xml -> /home/claudio/workspaces/src/py_vision_rpi_bot/install/py_vision_rpi_bot/share/py_vision_rpi_bot
[4.044s] running install_egg_info
[4.047s] removing '/home/claudio/workspaces/src/py_vision_rpi_bot/install/py_vision_rpi_bot/lib/python3.10/site-packages/py_vision_rpi_bot-0.0.0-py3.10.egg-info' (and everything under it)
[4.050s] Copying build/py_vision_rpi_bot/py_vision_rpi_bot.egg-info to /home/claudio/workspaces/src/py_vision_rpi_bot/install/py_vision_rpi_bot/lib/python3.10/site-packages/py_vision_rpi_bot-0.0.0-py3.10.egg-info
[4.050s] running install_scripts
[4.133s] Installing publisher_node script to /home/claudio/workspaces/src/py_vision_rpi_bot/install/py_vision_rpi_bot/lib/py_vision_rpi_bot
[4.134s] Installing subscriber_node script to /home/claudio/workspaces/src/py_vision_rpi_bot/install/py_vision_rpi_bot/lib/py_vision_rpi_bot
[4.137s] writing list of installed files to '/home/claudio/workspaces/src/py_vision_rpi_bot/build/py_vision_rpi_bot/install.log'
[4.237s] Invoked command in '/home/claudio/workspaces/src/py_vision_rpi_bot' returned '0': PYTHONPATH=/home/claudio/workspaces/src/py_vision_rpi_bot/build/py_vision_rpi_bot/prefix_override:/home/claudio/workspaces/src/py_vision_rpi_bot/install/py_vision_rpi_bot/lib/python3.10/site-packages:${PYTHONPATH} /usr/bin/python3 setup.py egg_info --egg-base build/py_vision_rpi_bot build --build-base /home/claudio/workspaces/src/py_vision_rpi_bot/build/py_vision_rpi_bot/build install --record /home/claudio/workspaces/src/py_vision_rpi_bot/build/py_vision_rpi_bot/install.log --single-version-externally-managed
